<?xml version="1.0" encoding="UTF-8"?>
<!-- Generated by org.testng.reporters.JUnitReportReporter -->
<testsuite skipped="0" hostname="Main" name="com.testcases.Tc_Maventest" tests="1" failures="0" timestamp="22 Apr 2018 06:02:28 GMT" time="10.890" errors="0">
  <testcase name="launchBrowser" time="10.890" classname="com.testcases.Tc_Maventest"/>
</testsuite> <!-- com.testcases.Tc_Maventest -->
